<?xml version="1.0" encoding="UTF-8" ?>
<testsuites>
 <testsuite name="Tictactoe load test" timestamp="2017-12-12T11:16:24" hostname="localhost" time="1.091" errors="0" tests="1" skipped="0" disabled="0" failures="0">
  <testcase classname="Tictactoe load test" name="should be able to play 8 games to end within timelimit of 1000ms" time="1.088" />
 </testsuite>
</testsuites>