<?xml version="1.0" encoding="UTF-8" ?>
<testsuites>
 <testsuite name="User chat load test" timestamp="2017-12-12T11:16:23" hostname="localhost" time="0.787" errors="0" tests="1" skipped="0" disabled="0" failures="0">
  <testcase classname="User chat load test" name="should connect and send 15  user messages within 1000ms" time="0.761" />
 </testsuite>
</testsuites>