<?xml version="1.0" encoding="UTF-8" ?>
<testsuites>
 <testsuite name="User chat API" timestamp="2017-12-13T16:12:13" hostname="localhost" time="10.009" errors="0" tests="2" skipped="0" disabled="0" failures="4">
  <testcase classname="User chat API" name="should get user session information on connect" time="5.005">
   <failure type="exception" message="Error: Timeout - Async callback was not invoked within timeout specified by jasmine.DEFAULT_TIMEOUT_INTERVAL."><![CDATA[Error: Timeout - Async callback was not invoked within timeout specified by jasmine.DEFAULT_TIMEOUT_INTERVAL.
    at Timeout._onTimeout (/home/alli/week3/node_modules/jasmine-core/lib/jasmine-core/jasmine.js:4281:23)
    at ontimeout (timers.js:475:11)
    at tryOnTimeout (timers.js:310:5)
    at Timer.listOnTimeout (timers.js:270:5)]]>
   </failure>
   <failure type="exception" message="TypeError: Cannot read property &apos;disconnect&apos; of undefined"><![CDATA[TypeError: Cannot read property 'disconnect' of undefined
    at UserContext.<anonymous> (/home/alli/week3/apitest/chat.spec.js:33:14)
    at attempt (/home/alli/week3/node_modules/jasmine-core/lib/jasmine-core/jasmine.js:4289:46)
    at QueueRunner.run (/home/alli/week3/node_modules/jasmine-core/lib/jasmine-core/jasmine.js:4217:20)
    at QueueRunner.skipToCleanup (/home/alli/week3/node_modules/jasmine-core/lib/jasmine-core/jasmine.js:4204:12)
    at runNext (/home/alli/week3/node_modules/jasmine-core/lib/jasmine-core/jasmine.js:4255:20)
    at /home/alli/week3/node_modules/jasmine-core/lib/jasmine-core/jasmine.js:4264:13
    at /home/alli/week3/node_modules/jasmine-core/lib/jasmine-core/jasmine.js:4172:9
    at Timeout.<anonymous> (/home/alli/week3/node_modules/jasmine-core/lib/jasmine-core/jasmine.js:4283:11)
    at ontimeout (timers.js:475:11)
    at tryOnTimeout (timers.js:310:5)]]>
   </failure>
  </testcase>
  <testcase classname="User chat API" name="should receive chat message back after sending chat command" time="5.001">
   <failure type="exception" message="Error: Timeout - Async callback was not invoked within timeout specified by jasmine.DEFAULT_TIMEOUT_INTERVAL."><![CDATA[Error: Timeout - Async callback was not invoked within timeout specified by jasmine.DEFAULT_TIMEOUT_INTERVAL.
    at Timeout._onTimeout (/home/alli/week3/node_modules/jasmine-core/lib/jasmine-core/jasmine.js:4281:23)
    at ontimeout (timers.js:475:11)
    at tryOnTimeout (timers.js:310:5)
    at Timer.listOnTimeout (timers.js:270:5)]]>
   </failure>
   <failure type="exception" message="TypeError: Cannot read property &apos;disconnect&apos; of undefined"><![CDATA[TypeError: Cannot read property 'disconnect' of undefined
    at UserContext.<anonymous> (/home/alli/week3/apitest/chat.spec.js:33:14)
    at attempt (/home/alli/week3/node_modules/jasmine-core/lib/jasmine-core/jasmine.js:4289:46)
    at QueueRunner.run (/home/alli/week3/node_modules/jasmine-core/lib/jasmine-core/jasmine.js:4217:20)
    at QueueRunner.skipToCleanup (/home/alli/week3/node_modules/jasmine-core/lib/jasmine-core/jasmine.js:4204:12)
    at runNext (/home/alli/week3/node_modules/jasmine-core/lib/jasmine-core/jasmine.js:4255:20)
    at /home/alli/week3/node_modules/jasmine-core/lib/jasmine-core/jasmine.js:4264:13
    at /home/alli/week3/node_modules/jasmine-core/lib/jasmine-core/jasmine.js:4172:9
    at Timeout.<anonymous> (/home/alli/week3/node_modules/jasmine-core/lib/jasmine-core/jasmine.js:4283:11)
    at ontimeout (timers.js:475:11)
    at tryOnTimeout (timers.js:310:5)]]>
   </failure>
  </testcase>
 </testsuite>
</testsuites>