<?xml version="1.0" encoding="UTF-8" ?>
<testsuites>
 <testsuite name="Tictactoe API" timestamp="2017-12-12T11:15:26" hostname="localhost" time="1.09" errors="0" tests="1" skipped="0" disabled="0" failures="0">
  <testcase classname="Tictactoe API" name="should be able to play one game to end" time="1.085" />
 </testsuite>
</testsuites>