<?xml version="1.0" encoding="UTF-8" ?>
<testsuites>
 <testsuite name="User chat API" timestamp="2017-12-15T13:22:26" hostname="localhost" time="0.328" errors="0" tests="2" skipped="0" disabled="0" failures="0">
  <testcase classname="User chat API" name="should get user session information on connect" time="0.206" />
  <testcase classname="User chat API" name="should receive chat message back after sending chat command" time="0.121" />
 </testsuite>
</testsuites>