<?xml version="1.0" encoding="UTF-8" ?>
<testsuites>
 <testsuite name="Tictactoe load test" timestamp="2017-12-12T13:49:57" hostname="localhost" time="0.712" errors="0" tests="1" skipped="0" disabled="0" failures="0">
  <testcase classname="Tictactoe load test" name="should be able to play 8 games to end within timelimit of 1000ms" time="0.706" />
 </testsuite>
</testsuites>